#
# A fatal error has been detected by the Java Runtime Environment:
#
#  EXCEPTION_ACCESS_VIOLATION (0xc0000005) at pc=0x00007ff9f066d820, pid=5776, tid=6368
#
# JRE version: Java(TM) SE Runtime Environment (13.0.1+9) (build 13.0.1+9)
# Java VM: Java HotSpot(TM) 64-Bit Server VM (13.0.1+9, mixed mode, sharing, tiered, compressed oops, g1 gc, windows-amd64)
# Problematic frame:
# C  [ig9icd64.dll+0x12d820]
#
# No core dump will be written. Minidumps are not enabled by default on client versions of Windows
#
# If you would like to submit a bug report, please visit:
#   http://bugreport.java.com/bugreport/crash.jsp
# The crash happened outside the Java Virtual Machine in native code.
# See problematic frame for where to report the bug.
#

---------------  S U M M A R Y ------------

Command Line: -Dfile.encoding=windows-1252 -Duser.country=BR -Duser.language=pt -Duser.variant com.donkeykong.desktop.DesktopLauncher

Host: Intel(R) Core(TM) i5-7200U CPU @ 2.50GHz, 4 cores, 7G,  Windows 10 , 64 bit Build 19041 (10.0.19041.662)
Time: Thu Jan 14 14:52:12 2021 Hora oficial do Brasil elapsed time: 2 seconds (0d 0h 0m 2s)

---------------  T H R E A D  ---------------

Current thread (0x0000021f4f91f000):  JavaThread "LWJGL Application" [_thread_in_native, id=6368, stack(0x0000002c29400000,0x0000002c29500000)]

Stack: [0x0000002c29400000,0x0000002c29500000],  sp=0x0000002c294feca8,  free space=1019k
Native frames: (J=compiled Java code, j=interpreted, Vv=VM code, C=native code)
C  [ig9icd64.dll+0x12d820]

Java frames: (J=compiled Java code, j=interpreted, Vv=VM code)
j  org.lwjgl.opengl.GL11.nglDrawElements(IIIJJ)V+0
j  org.lwjgl.opengl.GL11.glDrawElements(ILjava/nio/ShortBuffer;)V+34
j  com.badlogic.gdx.backends.lwjgl.LwjglGL20.glDrawElements(IIILjava/nio/Buffer;)V+21
j  com.badlogic.gdx.graphics.Mesh.render(Lcom/badlogic/gdx/graphics/glutils/ShaderProgram;IIIZ)V+88
j  com.badlogic.gdx.graphics.Mesh.render(Lcom/badlogic/gdx/graphics/glutils/ShaderProgram;III)V+10
j  com.badlogic.gdx.graphics.g2d.SpriteBatch.flush()V+184
j  com.badlogic.gdx.graphics.g2d.SpriteBatch.end()V+25
j  com.donkeykong.StartGame.render()V+57
j  com.badlogic.gdx.backends.lwjgl.LwjglApplication.mainLoop()V+776
j  com.badlogic.gdx.backends.lwjgl.LwjglApplication$1.run()V+27
v  ~StubRoutines::call_stub

siginfo: EXCEPTION_ACCESS_VIOLATION (0xc0000005), reading address 0x0000021f5062e980


Register to memory mapping:

RIP=0x00007ff9f066d820 ig9icd64.dll
RAX=0x000000000000007f is an unknown value
RBX=0x000000000000ffff is an unknown value
RCX=0x0000021f519802ac points into unknown readable memory: 00 00 00 00
RDX=0x0000021f5062e980 is an unknown value
RSP=0x0000002c294feca8 is pointing into the stack for thread: 0x0000021f4f91f000
RBP=0x0000000000060000 is an unknown value
RSI=0x0000002c294fed30 is pointing into the stack for thread: 0x0000021f4f91f000
RDI=0x0 is NULL
R8 =0x000000000000000c is an unknown value
R9 =0x0000002c294fed30 is pointing into the stack for thread: 0x0000021f4f91f000
R10=0x000000000135192c is an unknown value
R11=0x0000000000000006 is an unknown value
R12=0x000000000000000c is an unknown value
R13=0x0000000000000006 is an unknown value
R14=0x0000021f504611c0 points into unknown readable memory: ac 02 98 51 1f 02 00 00
R15=0x0000021f50164970 points into unknown readable memory: 80 e9 62 50 1f 02 00 00


Registers:
RAX=0x000000000000007f, RBX=0x000000000000ffff, RCX=0x0000021f519802ac, RDX=0x0000021f5062e980
RSP=0x0000002c294feca8, RBP=0x0000000000060000, RSI=0x0000002c294fed30, RDI=0x0000000000000000
R8 =0x000000000000000c, R9 =0x0000002c294fed30, R10=0x000000000135192c, R11=0x0000000000000006
R12=0x000000000000000c, R13=0x0000000000000006, R14=0x0000021f504611c0, R15=0x0000021f50164970
RIP=0x00007ff9f066d820, EFLAGS=0x0000000000010202

Top of Stack: (sp=0x0000002c294feca8)
0x0000002c294feca8:   00007ff9f0616e22 0000021f519802ac
0x0000002c294fecb8:   0000021f5013a080 0000000400000000
0x0000002c294fecc8:   0000f24f9c867677 0000002c294fed40
0x0000002c294fecd8:   001605c25bfd0004 0000000000000001
0x0000002c294fece8:   00007ff9f08dcee9 0000000000000004
0x0000002c294fecf8:   0000000000000006 0000021f5013a080
0x0000002c294fed08:   0000021f4f198f78 0000000000000001
0x0000002c294fed18:   0000000000000006 0000021f5013a080
0x0000002c294fed28:   00007ff9f08d8518 0000002c294fede0
0x0000002c294fed38:   0000000000000000 0000000088c41848
0x0000002c294fed48:   0000021f38a8c418 00007ff9f0942ab0
0x0000002c294fed58:   0000000000000000 0000000000000004
0x0000002c294fed68:   0000021f4f198f78 0000000000001403
0x0000002c294fed78:   00007ff9f07418f7 0000000000001406
0x0000002c294fed88:   0000000000000002 0000000000000001
0x0000002c294fed98:   0000000000000001 0000000000000002 

Instructions: (pc=0x00007ff9f066d820)
0x00007ff9f066d720:   83 c2 10 66 0f f9 c3 66 0f ea c8 66 0f ee d0 48
0x00007ff9f066d730:   83 e9 01 75 dd 66 0f fd cb 66 0f fd d3 66 0f c5
0x00007ff9f066d740:   c1 00 66 0f c5 c9 01 66 44 0f c5 c1 06 66 3b d8
0x00007ff9f066d750:   66 0f 46 c3 66 3b c1 66 0f 46 c8 66 0f c5 c1 02
0x00007ff9f066d760:   66 3b c8 66 0f 46 c1 66 0f c5 c9 03 66 3b c1 66
0x00007ff9f066d770:   0f 46 c8 66 0f c5 c1 04 66 3b c8 66 0f 46 c1 66
0x00007ff9f066d780:   0f c5 c9 05 66 3b c1 66 0f 46 c8 66 41 3b c8 66
0x00007ff9f066d790:   0f c5 c1 07 66 44 0f 46 c1 66 0f c5 ca 01 66 44
0x00007ff9f066d7a0:   3b c0 66 41 0f 46 c0 0f b7 d8 66 0f c5 c2 00 66
0x00007ff9f066d7b0:   44 0f c5 c2 06 66 3b f8 66 0f 43 c7 66 3b c1 66
0x00007ff9f066d7c0:   0f 43 c8 66 0f c5 c2 02 66 3b c8 66 0f 43 c1 66
0x00007ff9f066d7d0:   0f c5 ca 03 66 3b c1 66 0f 43 c8 66 0f c5 c2 04
0x00007ff9f066d7e0:   66 3b c8 66 0f 43 c1 66 0f c5 ca 05 66 3b c1 66
0x00007ff9f066d7f0:   0f 43 c8 66 41 3b c8 66 0f c5 c2 07 66 44 0f 43
0x00007ff9f066d800:   c1 66 44 3b c0 66 41 0f 43 c0 0f b7 f8 4d 85 db
0x00007ff9f066d810:   74 37 4c 2b d2 66 66 66 0f 1f 84 00 00 00 00 00
0x00007ff9f066d820:   0f b7 0a 66 41 89 0c 12 48 8d 52 02 66 3b d9 0f
0x00007ff9f066d830:   b7 c1 66 0f 46 c3 66 3b f9 0f b7 d8 66 0f 43 cf
0x00007ff9f066d840:   0f b7 f9 49 83 eb 01 75 d7 48 8b 44 24 28 66 89
0x00007ff9f066d850:   1e 48 8b 5c 24 08 48 8b 74 24 10 66 89 38 48 8b
0x00007ff9f066d860:   7c 24 18 c3 cc cc cc cc cc cc cc cc cc cc cc cc
0x00007ff9f066d870:   48 89 5c 24 18 57 48 83 ec 50 45 8b d8 0f b6 c2
0x00007ff9f066d880:   48 89 6c 24 60 f6 d0 33 ed 49 d1 eb 4c 8b d1 bf
0x00007ff9f066d890:   ff ff 00 00 0f b7 dd a8 01 0f 84 ad 02 00 00 83
0x00007ff9f066d8a0:   bc 24 90 00 00 00 06 0f 8c 9f 02 00 00 0f 18 42
0x00007ff9f066d8b0:   20 0f 18 42 40 49 83 fb 08 0f 82 8d 02 00 00 48
0x00007ff9f066d8c0:   89 74 24 68 8d 72 0f 83 e6 f0 2b f2 48 d1 ee 74
0x00007ff9f066d8d0:   44 48 85 f6 74 3c 4c 8b c6 0f 1f 80 00 00 00 00
0x00007ff9f066d8e0:   0f b7 0a 48 83 c2 02 66 41 89 0a 49 83 c2 02 66
0x00007ff9f066d8f0:   41 3b c9 74 17 66 3b f9 0f b7 c1 66 0f 46 c7 66
0x00007ff9f066d900:   3b d9 0f b7 f8 66 0f 43 cb 0f b7 d9 49 83 e8 01
0x00007ff9f066d910:   75 ce 4c 2b de 48 8b 74 24 68 49 83 fb 08 0f 82 


Stack slot to memory mapping:
stack at sp + 0 slots: 0x00007ff9f0616e22 ig9icd64.dll
stack at sp + 1 slots: 0x0000021f519802ac points into unknown readable memory: 00 00 00 00
stack at sp + 2 slots: 0x0000021f5013a080 points into unknown readable memory: 00 5a 0e 50 1f 02 00 00
stack at sp + 3 slots: 0x0000000400000000 is an unknown value
stack at sp + 4 slots: 0x0000f24f9c867677 is an unknown value
stack at sp + 5 slots: 0x0000002c294fed40 is pointing into the stack for thread: 0x0000021f4f91f000
stack at sp + 6 slots: 0x001605c25bfd0004 is an unknown value
stack at sp + 7 slots: 0x0000000000000001 is an unknown value


---------------  P R O C E S S  ---------------

Threads class SMR info:
_java_thread_list=0x0000021f566099b0, length=12, elements={
0x0000021f4ebb0000, 0x0000021f4ebb3800, 0x0000021f4ebcf000, 0x0000021f4ebd2000,
0x0000021f4ebd5800, 0x0000021f4ebdd000, 0x0000021f4ebe6800, 0x0000021f4f616800,
0x0000021f4f61d800, 0x0000021f4f91f000, 0x0000021f3056f800, 0x0000021f503e2800
}

Java Threads: ( => current thread )
  0x0000021f4ebb0000 JavaThread "Reference Handler" daemon [_thread_blocked, id=10208, stack(0x0000002c28800000,0x0000002c28900000)]
  0x0000021f4ebb3800 JavaThread "Finalizer" daemon [_thread_blocked, id=3776, stack(0x0000002c28900000,0x0000002c28a00000)]
  0x0000021f4ebcf000 JavaThread "Signal Dispatcher" daemon [_thread_blocked, id=6668, stack(0x0000002c28a00000,0x0000002c28b00000)]
  0x0000021f4ebd2000 JavaThread "Attach Listener" daemon [_thread_blocked, id=12512, stack(0x0000002c28b00000,0x0000002c28c00000)]
  0x0000021f4ebd5800 JavaThread "C2 CompilerThread0" daemon [_thread_blocked, id=3960, stack(0x0000002c28c00000,0x0000002c28d00000)]
  0x0000021f4ebdd000 JavaThread "C1 CompilerThread0" daemon [_thread_blocked, id=14708, stack(0x0000002c28d00000,0x0000002c28e00000)]
  0x0000021f4ebe6800 JavaThread "Sweeper thread" daemon [_thread_blocked, id=15068, stack(0x0000002c28e00000,0x0000002c28f00000)]
  0x0000021f4f616800 JavaThread "Service Thread" daemon [_thread_blocked, id=11420, stack(0x0000002c28f00000,0x0000002c29000000)]
  0x0000021f4f61d800 JavaThread "Common-Cleaner" daemon [_thread_blocked, id=7768, stack(0x0000002c29100000,0x0000002c29200000)]
=>0x0000021f4f91f000 JavaThread "LWJGL Application" [_thread_in_native, id=6368, stack(0x0000002c29400000,0x0000002c29500000)]
  0x0000021f3056f800 JavaThread "DestroyJavaVM" [_thread_blocked, id=11700, stack(0x0000002c28100000,0x0000002c28200000)]
  0x0000021f503e2800 JavaThread "LWJGL Timer" daemon [_thread_blocked, id=13416, stack(0x0000002c29800000,0x0000002c29900000)]

Other Threads:
  0x0000021f4ebac800 VMThread "VM Thread" [stack: 0x0000002c28700000,0x0000002c28800000] [id=15260]
  0x0000021f4f618000 WatcherThread [stack: 0x0000002c29000000,0x0000002c29100000] [id=8036]
  0x0000021f305b5800 GCTaskThread "GC Thread#0" [stack: 0x0000002c28200000,0x0000002c28300000] [id=11628]
  0x0000021f305c9000 ConcurrentGCThread "G1 Main Marker" [stack: 0x0000002c28300000,0x0000002c28400000] [id=4244]
  0x0000021f305cb000 ConcurrentGCThread "G1 Conc#0" [stack: 0x0000002c28400000,0x0000002c28500000] [id=3592]
  0x0000021f30648000 ConcurrentGCThread "G1 Refine#0" [stack: 0x0000002c28500000,0x0000002c28600000] [id=7360]
  0x0000021f4ea31800 ConcurrentGCThread "G1 Young RemSet Sampling" [stack: 0x0000002c28600000,0x0000002c28700000] [id=1228]

Threads with active compile tasks:

VM state:not at safepoint (normal execution)

VM Mutex/Monitor currently owned by a thread: None

Heap address: 0x0000000081600000, size: 2026 MB, Compressed Oops mode: 32-bit
Narrow klass base: 0x0000000800000000, Narrow klass shift: 3
Compressed class space size: 1073741824 Address: 0x0000000800b40000

Heap:
 garbage-first heap   total 131072K, used 9216K [0x0000000081600000, 0x0000000100000000)
  region size 1024K, 10 young (10240K), 0 survivors (0K)
 Metaspace       used 4091K, capacity 6927K, committed 7296K, reserved 1056768K
  class space    used 296K, capacity 571K, committed 640K, reserved 1048576K
Heap Regions: E=young(eden), S=young(survivor), O=old, HS=humongous(starts), HC=humongous(continues), CS=collection set, F=free, A=archive, TAMS=top-at-mark-start (previous, next)
|   0|0x0000000081600000, 0x0000000081600000, 0x0000000081700000|  0%| F|  |TAMS 0x0000000081600000, 0x0000000081600000| Untracked 
|   1|0x0000000081700000, 0x0000000081700000, 0x0000000081800000|  0%| F|  |TAMS 0x0000000081700000, 0x0000000081700000| Untracked 
|   2|0x0000000081800000, 0x0000000081800000, 0x0000000081900000|  0%| F|  |TAMS 0x0000000081800000, 0x0000000081800000| Untracked 
|   3|0x0000000081900000, 0x0000000081900000, 0x0000000081a00000|  0%| F|  |TAMS 0x0000000081900000, 0x0000000081900000| Untracked 
|   4|0x0000000081a00000, 0x0000000081a00000, 0x0000000081b00000|  0%| F|  |TAMS 0x0000000081a00000, 0x0000000081a00000| Untracked 
|   5|0x0000000081b00000, 0x0000000081b00000, 0x0000000081c00000|  0%| F|  |TAMS 0x0000000081b00000, 0x0000000081b00000| Untracked 
|   6|0x0000000081c00000, 0x0000000081c00000, 0x0000000081d00000|  0%| F|  |TAMS 0x0000000081c00000, 0x0000000081c00000| Untracked 
|   7|0x0000000081d00000, 0x0000000081d00000, 0x0000000081e00000|  0%| F|  |TAMS 0x0000000081d00000, 0x0000000081d00000| Untracked 
|   8|0x0000000081e00000, 0x0000000081e00000, 0x0000000081f00000|  0%| F|  |TAMS 0x0000000081e00000, 0x0000000081e00000| Untracked 
|   9|0x0000000081f00000, 0x0000000081f00000, 0x0000000082000000|  0%| F|  |TAMS 0x0000000081f00000, 0x0000000081f00000| Untracked 
|  10|0x0000000082000000, 0x0000000082000000, 0x0000000082100000|  0%| F|  |TAMS 0x0000000082000000, 0x0000000082000000| Untracked 
|  11|0x0000000082100000, 0x0000000082100000, 0x0000000082200000|  0%| F|  |TAMS 0x0000000082100000, 0x0000000082100000| Untracked 
|  12|0x0000000082200000, 0x0000000082200000, 0x0000000082300000|  0%| F|  |TAMS 0x0000000082200000, 0x0000000082200000| Untracked 
|  13|0x0000000082300000, 0x0000000082300000, 0x0000000082400000|  0%| F|  |TAMS 0x0000000082300000, 0x0000000082300000| Untracked 
|  14|0x0000000082400000, 0x0000000082400000, 0x0000000082500000|  0%| F|  |TAMS 0x0000000082400000, 0x0000000082400000| Untracked 
|  15|0x0000000082500000, 0x0000000082500000, 0x0000000082600000|  0%| F|  |TAMS 0x0000000082500000, 0x0000000082500000| Untracked 
|  16|0x0000000082600000, 0x0000000082600000, 0x0000000082700000|  0%| F|  |TAMS 0x0000000082600000, 0x0000000082600000| Untracked 
|  17|0x0000000082700000, 0x0000000082700000, 0x0000000082800000|  0%| F|  |TAMS 0x0000000082700000, 0x0000000082700000| Untracked 
|  18|0x0000000082800000, 0x0000000082800000, 0x0000000082900000|  0%| F|  |TAMS 0x0000000082800000, 0x0000000082800000| Untracked 
|  19|0x0000000082900000, 0x0000000082900000, 0x0000000082a00000|  0%| F|  |TAMS 0x0000000082900000, 0x0000000082900000| Untracked 
|  20|0x0000000082a00000, 0x0000000082a00000, 0x0000000082b00000|  0%| F|  |TAMS 0x0000000082a00000, 0x0000000082a00000| Untracked 
|  21|0x0000000082b00000, 0x0000000082b00000, 0x0000000082c00000|  0%| F|  |TAMS 0x0000000082b00000, 0x0000000082b00000| Untracked 
|  22|0x0000000082c00000, 0x0000000082c00000, 0x0000000082d00000|  0%| F|  |TAMS 0x0000000082c00000, 0x0000000082c00000| Untracked 
|  23|0x0000000082d00000, 0x0000000082d00000, 0x0000000082e00000|  0%| F|  |TAMS 0x0000000082d00000, 0x0000000082d00000| Untracked 
|  24|0x0000000082e00000, 0x0000000082e00000, 0x0000000082f00000|  0%| F|  |TAMS 0x0000000082e00000, 0x0000000082e00000| Untracked 
|  25|0x0000000082f00000, 0x0000000082f00000, 0x0000000083000000|  0%| F|  |TAMS 0x0000000082f00000, 0x0000000082f00000| Untracked 
|  26|0x0000000083000000, 0x0000000083000000, 0x0000000083100000|  0%| F|  |TAMS 0x0000000083000000, 0x0000000083000000| Untracked 
|  27|0x0000000083100000, 0x0000000083100000, 0x0000000083200000|  0%| F|  |TAMS 0x0000000083100000, 0x0000000083100000| Untracked 
|  28|0x0000000083200000, 0x0000000083200000, 0x0000000083300000|  0%| F|  |TAMS 0x0000000083200000, 0x0000000083200000| Untracked 
|  29|0x0000000083300000, 0x0000000083300000, 0x0000000083400000|  0%| F|  |TAMS 0x0000000083300000, 0x0000000083300000| Untracked 
|  30|0x0000000083400000, 0x0000000083400000, 0x0000000083500000|  0%| F|  |TAMS 0x0000000083400000, 0x0000000083400000| Untracked 
|  31|0x0000000083500000, 0x0000000083500000, 0x0000000083600000|  0%| F|  |TAMS 0x0000000083500000, 0x0000000083500000| Untracked 
|  32|0x0000000083600000, 0x0000000083600000, 0x0000000083700000|  0%| F|  |TAMS 0x0000000083600000, 0x0000000083600000| Untracked 
|  33|0x0000000083700000, 0x0000000083700000, 0x0000000083800000|  0%| F|  |TAMS 0x0000000083700000, 0x0000000083700000| Untracked 
|  34|0x0000000083800000, 0x0000000083800000, 0x0000000083900000|  0%| F|  |TAMS 0x0000000083800000, 0x0000000083800000| Untracked 
|  35|0x0000000083900000, 0x0000000083900000, 0x0000000083a00000|  0%| F|  |TAMS 0x0000000083900000, 0x0000000083900000| Untracked 
|  36|0x0000000083a00000, 0x0000000083a00000, 0x0000000083b00000|  0%| F|  |TAMS 0x0000000083a00000, 0x0000000083a00000| Untracked 
|  37|0x0000000083b00000, 0x0000000083b00000, 0x0000000083c00000|  0%| F|  |TAMS 0x0000000083b00000, 0x0000000083b00000| Untracked 
|  38|0x0000000083c00000, 0x0000000083c00000, 0x0000000083d00000|  0%| F|  |TAMS 0x0000000083c00000, 0x0000000083c00000| Untracked 
|  39|0x0000000083d00000, 0x0000000083d00000, 0x0000000083e00000|  0%| F|  |TAMS 0x0000000083d00000, 0x0000000083d00000| Untracked 
|  40|0x0000000083e00000, 0x0000000083e00000, 0x0000000083f00000|  0%| F|  |TAMS 0x0000000083e00000, 0x0000000083e00000| Untracked 
|  41|0x0000000083f00000, 0x0000000083f00000, 0x0000000084000000|  0%| F|  |TAMS 0x0000000083f00000, 0x0000000083f00000| Untracked 
|  42|0x0000000084000000, 0x0000000084000000, 0x0000000084100000|  0%| F|  |TAMS 0x0000000084000000, 0x0000000084000000| Untracked 
|  43|0x0000000084100000, 0x0000000084100000, 0x0000000084200000|  0%| F|  |TAMS 0x0000000084100000, 0x0000000084100000| Untracked 
|  44|0x0000000084200000, 0x0000000084200000, 0x0000000084300000|  0%| F|  |TAMS 0x0000000084200000, 0x0000000084200000| Untracked 
|  45|0x0000000084300000, 0x0000000084300000, 0x0000000084400000|  0%| F|  |TAMS 0x0000000084300000, 0x0000000084300000| Untracked 
|  46|0x0000000084400000, 0x0000000084400000, 0x0000000084500000|  0%| F|  |TAMS 0x0000000084400000, 0x0000000084400000| Untracked 
|  47|0x0000000084500000, 0x0000000084500000, 0x0000000084600000|  0%| F|  |TAMS 0x0000000084500000, 0x0000000084500000| Untracked 
|  48|0x0000000084600000, 0x0000000084600000, 0x0000000084700000|  0%| F|  |TAMS 0x0000000084600000, 0x0000000084600000| Untracked 
|  49|0x0000000084700000, 0x0000000084700000, 0x0000000084800000|  0%| F|  |TAMS 0x0000000084700000, 0x0000000084700000| Untracked 
|  50|0x0000000084800000, 0x0000000084800000, 0x0000000084900000|  0%| F|  |TAMS 0x0000000084800000, 0x0000000084800000| Untracked 
|  51|0x0000000084900000, 0x0000000084900000, 0x0000000084a00000|  0%| F|  |TAMS 0x0000000084900000, 0x0000000084900000| Untracked 
|  52|0x0000000084a00000, 0x0000000084a00000, 0x0000000084b00000|  0%| F|  |TAMS 0x0000000084a00000, 0x0000000084a00000| Untracked 
|  53|0x0000000084b00000, 0x0000000084b00000, 0x0000000084c00000|  0%| F|  |TAMS 0x0000000084b00000, 0x0000000084b00000| Untracked 
|  54|0x0000000084c00000, 0x0000000084c00000, 0x0000000084d00000|  0%| F|  |TAMS 0x0000000084c00000, 0x0000000084c00000| Untracked 
|  55|0x0000000084d00000, 0x0000000084d00000, 0x0000000084e00000|  0%| F|  |TAMS 0x0000000084d00000, 0x0000000084d00000| Untracked 
|  56|0x0000000084e00000, 0x0000000084e00000, 0x0000000084f00000|  0%| F|  |TAMS 0x0000000084e00000, 0x0000000084e00000| Untracked 
|  57|0x0000000084f00000, 0x0000000084f00000, 0x0000000085000000|  0%| F|  |TAMS 0x0000000084f00000, 0x0000000084f00000| Untracked 
|  58|0x0000000085000000, 0x0000000085000000, 0x0000000085100000|  0%| F|  |TAMS 0x0000000085000000, 0x0000000085000000| Untracked 
|  59|0x0000000085100000, 0x0000000085100000, 0x0000000085200000|  0%| F|  |TAMS 0x0000000085100000, 0x0000000085100000| Untracked 
|  60|0x0000000085200000, 0x0000000085200000, 0x0000000085300000|  0%| F|  |TAMS 0x0000000085200000, 0x0000000085200000| Untracked 
|  61|0x0000000085300000, 0x0000000085300000, 0x0000000085400000|  0%| F|  |TAMS 0x0000000085300000, 0x0000000085300000| Untracked 
|  62|0x0000000085400000, 0x0000000085400000, 0x0000000085500000|  0%| F|  |TAMS 0x0000000085400000, 0x0000000085400000| Untracked 
|  63|0x0000000085500000, 0x0000000085500000, 0x0000000085600000|  0%| F|  |TAMS 0x0000000085500000, 0x0000000085500000| Untracked 
|  64|0x0000000085600000, 0x0000000085600000, 0x0000000085700000|  0%| F|  |TAMS 0x0000000085600000, 0x0000000085600000| Untracked 
|  65|0x0000000085700000, 0x0000000085700000, 0x0000000085800000|  0%| F|  |TAMS 0x0000000085700000, 0x0000000085700000| Untracked 
|  66|0x0000000085800000, 0x0000000085800000, 0x0000000085900000|  0%| F|  |TAMS 0x0000000085800000, 0x0000000085800000| Untracked 
|  67|0x0000000085900000, 0x0000000085900000, 0x0000000085a00000|  0%| F|  |TAMS 0x0000000085900000, 0x0000000085900000| Untracked 
|  68|0x0000000085a00000, 0x0000000085a00000, 0x0000000085b00000|  0%| F|  |TAMS 0x0000000085a00000, 0x0000000085a00000| Untracked 
|  69|0x0000000085b00000, 0x0000000085b00000, 0x0000000085c00000|  0%| F|  |TAMS 0x0000000085b00000, 0x0000000085b00000| Untracked 
|  70|0x0000000085c00000, 0x0000000085c00000, 0x0000000085d00000|  0%| F|  |TAMS 0x0000000085c00000, 0x0000000085c00000| Untracked 
|  71|0x0000000085d00000, 0x0000000085d00000, 0x0000000085e00000|  0%| F|  |TAMS 0x0000000085d00000, 0x0000000085d00000| Untracked 
|  72|0x0000000085e00000, 0x0000000085e00000, 0x0000000085f00000|  0%| F|  |TAMS 0x0000000085e00000, 0x0000000085e00000| Untracked 
|  73|0x0000000085f00000, 0x0000000085f00000, 0x0000000086000000|  0%| F|  |TAMS 0x0000000085f00000, 0x0000000085f00000| Untracked 
|  74|0x0000000086000000, 0x0000000086000000, 0x0000000086100000|  0%| F|  |TAMS 0x0000000086000000, 0x0000000086000000| Untracked 
|  75|0x0000000086100000, 0x0000000086100000, 0x0000000086200000|  0%| F|  |TAMS 0x0000000086100000, 0x0000000086100000| Untracked 
|  76|0x0000000086200000, 0x0000000086200000, 0x0000000086300000|  0%| F|  |TAMS 0x0000000086200000, 0x0000000086200000| Untracked 
|  77|0x0000000086300000, 0x0000000086300000, 0x0000000086400000|  0%| F|  |TAMS 0x0000000086300000, 0x0000000086300000| Untracked 
|  78|0x0000000086400000, 0x0000000086400000, 0x0000000086500000|  0%| F|  |TAMS 0x0000000086400000, 0x0000000086400000| Untracked 
|  79|0x0000000086500000, 0x0000000086500000, 0x0000000086600000|  0%| F|  |TAMS 0x0000000086500000, 0x0000000086500000| Untracked 
|  80|0x0000000086600000, 0x0000000086600000, 0x0000000086700000|  0%| F|  |TAMS 0x0000000086600000, 0x0000000086600000| Untracked 
|  81|0x0000000086700000, 0x0000000086700000, 0x0000000086800000|  0%| F|  |TAMS 0x0000000086700000, 0x0000000086700000| Untracked 
|  82|0x0000000086800000, 0x0000000086800000, 0x0000000086900000|  0%| F|  |TAMS 0x0000000086800000, 0x0000000086800000| Untracked 
|  83|0x0000000086900000, 0x0000000086900000, 0x0000000086a00000|  0%| F|  |TAMS 0x0000000086900000, 0x0000000086900000| Untracked 
|  84|0x0000000086a00000, 0x0000000086a00000, 0x0000000086b00000|  0%| F|  |TAMS 0x0000000086a00000, 0x0000000086a00000| Untracked 
|  85|0x0000000086b00000, 0x0000000086b00000, 0x0000000086c00000|  0%| F|  |TAMS 0x0000000086b00000, 0x0000000086b00000| Untracked 
|  86|0x0000000086c00000, 0x0000000086c00000, 0x0000000086d00000|  0%| F|  |TAMS 0x0000000086c00000, 0x0000000086c00000| Untracked 
|  87|0x0000000086d00000, 0x0000000086d00000, 0x0000000086e00000|  0%| F|  |TAMS 0x0000000086d00000, 0x0000000086d00000| Untracked 
|  88|0x0000000086e00000, 0x0000000086e00000, 0x0000000086f00000|  0%| F|  |TAMS 0x0000000086e00000, 0x0000000086e00000| Untracked 
|  89|0x0000000086f00000, 0x0000000086f00000, 0x0000000087000000|  0%| F|  |TAMS 0x0000000086f00000, 0x0000000086f00000| Untracked 
|  90|0x0000000087000000, 0x0000000087000000, 0x0000000087100000|  0%| F|  |TAMS 0x0000000087000000, 0x0000000087000000| Untracked 
|  91|0x0000000087100000, 0x0000000087100000, 0x0000000087200000|  0%| F|  |TAMS 0x0000000087100000, 0x0000000087100000| Untracked 
|  92|0x0000000087200000, 0x0000000087200000, 0x0000000087300000|  0%| F|  |TAMS 0x0000000087200000, 0x0000000087200000| Untracked 
|  93|0x0000000087300000, 0x0000000087300000, 0x0000000087400000|  0%| F|  |TAMS 0x0000000087300000, 0x0000000087300000| Untracked 
|  94|0x0000000087400000, 0x0000000087400000, 0x0000000087500000|  0%| F|  |TAMS 0x0000000087400000, 0x0000000087400000| Untracked 
|  95|0x0000000087500000, 0x0000000087500000, 0x0000000087600000|  0%| F|  |TAMS 0x0000000087500000, 0x0000000087500000| Untracked 
|  96|0x0000000087600000, 0x0000000087600000, 0x0000000087700000|  0%| F|  |TAMS 0x0000000087600000, 0x0000000087600000| Untracked 
|  97|0x0000000087700000, 0x0000000087700000, 0x0000000087800000|  0%| F|  |TAMS 0x0000000087700000, 0x0000000087700000| Untracked 
|  98|0x0000000087800000, 0x0000000087800000, 0x0000000087900000|  0%| F|  |TAMS 0x0000000087800000, 0x0000000087800000| Untracked 
|  99|0x0000000087900000, 0x0000000087900000, 0x0000000087a00000|  0%| F|  |TAMS 0x0000000087900000, 0x0000000087900000| Untracked 
| 100|0x0000000087a00000, 0x0000000087a00000, 0x0000000087b00000|  0%| F|  |TAMS 0x0000000087a00000, 0x0000000087a00000| Untracked 
| 101|0x0000000087b00000, 0x0000000087b00000, 0x0000000087c00000|  0%| F|  |TAMS 0x0000000087b00000, 0x0000000087b00000| Untracked 
| 102|0x0000000087c00000, 0x0000000087c00000, 0x0000000087d00000|  0%| F|  |TAMS 0x0000000087c00000, 0x0000000087c00000| Untracked 
| 103|0x0000000087d00000, 0x0000000087d00000, 0x0000000087e00000|  0%| F|  |TAMS 0x0000000087d00000, 0x0000000087d00000| Untracked 
| 104|0x0000000087e00000, 0x0000000087e00000, 0x0000000087f00000|  0%| F|  |TAMS 0x0000000087e00000, 0x0000000087e00000| Untracked 
| 105|0x0000000087f00000, 0x0000000087f00000, 0x0000000088000000|  0%| F|  |TAMS 0x0000000087f00000, 0x0000000087f00000| Untracked 
| 106|0x0000000088000000, 0x0000000088000000, 0x0000000088100000|  0%| F|  |TAMS 0x0000000088000000, 0x0000000088000000| Untracked 
| 107|0x0000000088100000, 0x0000000088100000, 0x0000000088200000|  0%| F|  |TAMS 0x0000000088100000, 0x0000000088100000| Untracked 
| 108|0x0000000088200000, 0x0000000088200000, 0x0000000088300000|  0%| F|  |TAMS 0x0000000088200000, 0x0000000088200000| Untracked 
| 109|0x0000000088300000, 0x0000000088300000, 0x0000000088400000|  0%| F|  |TAMS 0x0000000088300000, 0x0000000088300000| Untracked 
| 110|0x0000000088400000, 0x0000000088400000, 0x0000000088500000|  0%| F|  |TAMS 0x0000000088400000, 0x0000000088400000| Untracked 
| 111|0x0000000088500000, 0x0000000088500000, 0x0000000088600000|  0%| F|  |TAMS 0x0000000088500000, 0x0000000088500000| Untracked 
| 112|0x0000000088600000, 0x0000000088600000, 0x0000000088700000|  0%| F|  |TAMS 0x0000000088600000, 0x0000000088600000| Untracked 
| 113|0x0000000088700000, 0x0000000088700000, 0x0000000088800000|  0%| F|  |TAMS 0x0000000088700000, 0x0000000088700000| Untracked 
| 114|0x0000000088800000, 0x0000000088800000, 0x0000000088900000|  0%| F|  |TAMS 0x0000000088800000, 0x0000000088800000| Untracked 
| 115|0x0000000088900000, 0x0000000088900000, 0x0000000088a00000|  0%| F|  |TAMS 0x0000000088900000, 0x0000000088900000| Untracked 
| 116|0x0000000088a00000, 0x0000000088a00000, 0x0000000088b00000|  0%| F|  |TAMS 0x0000000088a00000, 0x0000000088a00000| Untracked 
| 117|0x0000000088b00000, 0x0000000088b00000, 0x0000000088c00000|  0%| F|  |TAMS 0x0000000088b00000, 0x0000000088b00000| Untracked 
| 118|0x0000000088c00000, 0x0000000088cec9a8, 0x0000000088d00000| 92%| E|  |TAMS 0x0000000088c00000, 0x0000000088c00000| Complete 
| 119|0x0000000088d00000, 0x0000000088e00000, 0x0000000088e00000|100%| E|CS|TAMS 0x0000000088d00000, 0x0000000088d00000| Complete 
| 120|0x0000000088e00000, 0x0000000088f00000, 0x0000000088f00000|100%| E|CS|TAMS 0x0000000088e00000, 0x0000000088e00000| Complete 
| 121|0x0000000088f00000, 0x0000000089000000, 0x0000000089000000|100%| E|CS|TAMS 0x0000000088f00000, 0x0000000088f00000| Complete 
| 122|0x0000000089000000, 0x0000000089100000, 0x0000000089100000|100%| E|CS|TAMS 0x0000000089000000, 0x0000000089000000| Complete 
| 123|0x0000000089100000, 0x0000000089200000, 0x0000000089200000|100%| E|CS|TAMS 0x0000000089100000, 0x0000000089100000| Complete 
| 124|0x0000000089200000, 0x0000000089300000, 0x0000000089300000|100%| E|CS|TAMS 0x0000000089200000, 0x0000000089200000| Complete 
| 125|0x0000000089300000, 0x0000000089400000, 0x0000000089400000|100%| E|CS|TAMS 0x0000000089300000, 0x0000000089300000| Complete 
| 126|0x0000000089400000, 0x0000000089500000, 0x0000000089500000|100%| E|CS|TAMS 0x0000000089400000, 0x0000000089400000| Complete 
| 127|0x0000000089500000, 0x0000000089600000, 0x0000000089600000|100%| E|CS|TAMS 0x0000000089500000, 0x0000000089500000| Complete 

Card table byte_map: [0x0000021f47e80000,0x0000021f48280000] _byte_map_base: 0x0000021f47a75000

Marking Bits (Prev, Next): (CMBitMap*) 0x0000021f305b6838, (CMBitMap*) 0x0000021f305b6878
 Prev Bits: [0x0000021f48680000, 0x0000021f4a628000)
 Next Bits: [0x0000021f4a630000, 0x0000021f4c5d8000)

Polling page: 0x0000021f2e520000

Metaspace:

Usage:
  Non-class:      6.21 MB capacity,     3.71 MB ( 60%) used,     2.50 MB ( 40%) free+waste,     4.50 KB ( <1%) overhead. 
      Class:    571.00 KB capacity,   296.82 KB ( 52%) used,   272.37 KB ( 48%) free+waste,     1.81 KB ( <1%) overhead. 
       Both:      6.76 MB capacity,     4.00 MB ( 59%) used,     2.76 MB ( 41%) free+waste,     6.31 KB ( <1%) overhead. 

Virtual space:
  Non-class space:        8.00 MB reserved,       6.50 MB ( 81%) committed 
      Class space:        1.00 GB reserved,     640.00 KB ( <1%) committed 
             Both:        1.01 GB reserved,       7.13 MB ( <1%) committed 

Chunk freelists:
   Non-Class:  108.00 KB
       Class:  5.00 KB
        Both:  113.00 KB

MaxMetaspaceSize: 17179869184.00 GB
CompressedClassSpaceSize: 1.00 GB

CodeHeap 'non-profiled nmethods': size=120064Kb used=194Kb max_used=194Kb free=119869Kb
 bounds [0x0000021f40540000, 0x0000021f407b0000, 0x0000021f47a80000]
CodeHeap 'profiled nmethods': size=120000Kb used=1118Kb max_used=1118Kb free=118881Kb
 bounds [0x0000021f39010000, 0x0000021f39280000, 0x0000021f40540000]
CodeHeap 'non-nmethods': size=5696Kb used=1251Kb max_used=1262Kb free=4445Kb
 bounds [0x0000021f38a80000, 0x0000021f38cf0000, 0x0000021f39010000]
 total_blobs=1605 nmethods=648 adapters=434
 compilation: enabled
              stopped_count=0, restarted_count=0
 full_count=0

Compilation events (20 events):
Event: 1.885 Thread 0x0000021f4ebdd000  638       3       jdk.internal.misc.Unsafe::convEndian (16 bytes)
Event: 1.885 Thread 0x0000021f4ebdd000 nmethod 638 0x0000021f3911ff10 code [0x0000021f391200c0, 0x0000021f391202d8]
Event: 1.918 Thread 0x0000021f4ebdd000  640       3       jdk.internal.misc.Unsafe::toUnsignedInt (6 bytes)
Event: 1.919 Thread 0x0000021f4ebdd000 nmethod 640 0x0000021f39120390 code [0x0000021f39120520, 0x0000021f39120658]
Event: 1.952 Thread 0x0000021f4ebdd000  641       3       java.nio.ByteBuffer::flip (5 bytes)
Event: 1.952 Thread 0x0000021f4ebd5800  642       4       java.nio.charset.CoderResult::isUnderflow (13 bytes)
Event: 1.952 Thread 0x0000021f4ebdd000 nmethod 641 0x0000021f39120710 code [0x0000021f391208c0, 0x0000021f39120b10]
Event: 1.953 Thread 0x0000021f4ebd5800 nmethod 642 0x0000021f40570790 code [0x0000021f40570920, 0x0000021f405709b8]
Event: 1.985 Thread 0x0000021f4ebdd000  643       3       java.lang.ref.WeakReference::<init> (6 bytes)
Event: 1.985 Thread 0x0000021f4ebdd000 nmethod 643 0x0000021f39120b90 code [0x0000021f39120d60, 0x0000021f391210d8]
Event: 2.035 Thread 0x0000021f4ebdd000  644 % !   3       org.lwjgl.opengl.Sync::sync @ 65 (125 bytes)
Event: 2.037 Thread 0x0000021f4ebdd000 nmethod 644% 0x0000021f39121210 code [0x0000021f391215a0, 0x0000021f39122a30]
Event: 2.037 Thread 0x0000021f4ebdd000  645       3       java.util.LinkedHashMap::get (33 bytes)
Event: 2.037 Thread 0x0000021f4ebdd000 nmethod 645 0x0000021f39123390 code [0x0000021f39123580, 0x0000021f391239d0]
Event: 2.037 Thread 0x0000021f4ebdd000  646       3       java.util.WeakHashMap::put (162 bytes)
Event: 2.038 Thread 0x0000021f4ebdd000 nmethod 646 0x0000021f39123b90 code [0x0000021f39123e20, 0x0000021f39124e40]
Event: 2.038 Thread 0x0000021f4ebdd000  647       3       java.util.WeakHashMap$Entry::<init> (24 bytes)
Event: 2.038 Thread 0x0000021f4ebdd000 nmethod 647 0x0000021f39125390 code [0x0000021f39125560, 0x0000021f391259d8]
Event: 2.050 Thread 0x0000021f4ebdd000  648   !   3       org.lwjgl.opengl.Sync::sync (125 bytes)
Event: 2.051 Thread 0x0000021f4ebdd000 nmethod 648 0x0000021f39125b10 code [0x0000021f39125ea0, 0x0000021f39127190]

GC Heap History (0 events):
No events

Deoptimization events (14 events):
Event: 0.186 Thread 0x0000021f3056f800 Uncommon trap: trap_request=0xffffff45 fr.pc=0x0000021f4054522c relative=0x000000000000020c
Event: 0.186 Thread 0x0000021f3056f800 Uncommon trap: reason=unstable_if action=reinterpret pc=0x0000021f4054522c method=java.lang.String.hashCode()I @ 13 c2
Event: 0.186 Thread 0x0000021f3056f800 DEOPT PACKING pc=0x0000021f4054522c sp=0x0000002c281fe980
Event: 0.186 Thread 0x0000021f3056f800 DEOPT UNPACKING pc=0x0000021f38ac912f sp=0x0000002c281fe910 mode 2
Event: 0.190 Thread 0x0000021f3056f800 Uncommon trap: trap_request=0xffffff45 fr.pc=0x0000021f4054d990 relative=0x0000000000000070
Event: 0.190 Thread 0x0000021f3056f800 Uncommon trap: reason=unstable_if action=reinterpret pc=0x0000021f4054d990 method=java.io.WinNTFileSystem.isSlash(C)Z @ 9 c2
Event: 0.190 Thread 0x0000021f3056f800 DEOPT PACKING pc=0x0000021f4054d990 sp=0x0000002c281fe6a0
Event: 0.190 Thread 0x0000021f3056f800 DEOPT UNPACKING pc=0x0000021f38ac912f sp=0x0000002c281fe628 mode 2
Event: 0.538 Thread 0x0000021f3056f800 DEOPT PACKING pc=0x0000021f3904d468 sp=0x0000002c281fa1c0
Event: 0.538 Thread 0x0000021f3056f800 DEOPT UNPACKING pc=0x0000021f38ac964e sp=0x0000002c281f9618 mode 0
Event: 0.547 Thread 0x0000021f3056f800 DEOPT PACKING pc=0x0000021f3903bb5f sp=0x0000002c281fb190
Event: 0.547 Thread 0x0000021f3056f800 DEOPT UNPACKING pc=0x0000021f38ac964e sp=0x0000002c281fa5e0 mode 0
Event: 0.811 Thread 0x0000021f3056f800 DEOPT PACKING pc=0x0000021f3905c0b2 sp=0x0000002c281fdf50
Event: 0.811 Thread 0x0000021f3056f800 DEOPT UNPACKING pc=0x0000021f38ac964e sp=0x0000002c281fd3b8 mode 0

Classes unloaded (0 events):
No events

Classes redefined (0 events):
No events

Internal exceptions (2 events):
Event: 0.217 Thread 0x0000021f3056f800 Exception <a 'java/lang/NoSuchMethodError'{0x00000000892288f0}: 'java.lang.Object java.lang.invoke.DirectMethodHandle$Holder.invokeStaticInit(java.lang.Object, int, int, int, int)'> (0x00000000892288f0) 
thrown [t:/workspace/open/src/hotspot/share/interpreter/linkResolver.cpp, line 767]
Event: 0.523 Thread 0x0000021f3056f800 Exception <a 'java/lang/NoSuchMethodError'{0x0000000089263ad0}: 'java.lang.Object java.lang.invoke.DirectMethodHandle$Holder.invokeStaticInit(java.lang.Object, java.lang.Object, int, int, int, int)'> (0x0000000089263ad0) 
thrown [t:/workspace/open/src/hotspot/share/interpreter/linkResolver.cpp, line 767]

Events (20 events):
Event: 1.117 loading class org/lwjgl/opengl/Sync done
Event: 1.118 loading class org/lwjgl/opengl/Sync$RunningAvg
Event: 1.118 loading class org/lwjgl/opengl/Sync$RunningAvg done
Event: 1.118 loading class org/lwjgl/opengl/Sync$1
Event: 1.118 loading class org/lwjgl/opengl/Sync$1 done
Event: 1.119 Thread 0x0000021f503e2800 Thread added: 0x0000021f503e2800
Event: 1.154 Loaded shared library C:\Users\jorda\AppData\Local\Temp\libgdxjorda\1cecf4f6\lwjgl64.dll
Event: 1.157 Loaded shared library C:\Users\jorda\AppData\Local\Temp\libgdxjorda\1cecf4f6\lwjgl64.dll
Event: 1.160 Loaded shared library C:\Users\jorda\AppData\Local\Temp\libgdxjorda\1cecf4f6\lwjgl64.dll
Event: 1.163 Loaded shared library C:\Users\jorda\AppData\Local\Temp\libgdxjorda\1cecf4f6\lwjgl64.dll
Event: 1.201 Loaded shared library C:\Program Files\Java\jdk-13.0.1\bin\java.dll
Event: 1.202 Loaded shared library C:\Program Files\Java\jdk-13.0.1\bin\java.dll
Event: 1.203 Loaded shared library C:\Program Files\Java\jdk-13.0.1\bin\java.dll
Event: 1.204 Loaded shared library C:\Program Files\Java\jdk-13.0.1\bin\java.dll
Event: 1.898 Loaded shared library C:\Program Files\Java\jdk-13.0.1\bin\java.dll
Event: 1.899 Loaded shared library C:\Program Files\Java\jdk-13.0.1\bin\java.dll
Event: 1.900 Loaded shared library C:\Program Files\Java\jdk-13.0.1\bin\java.dll
Event: 1.901 Loaded shared library C:\Program Files\Java\jdk-13.0.1\bin\java.dll
Event: 2.036 loading class com/donkeykong/screens/GameScreen
Event: 2.036 loading class com/donkeykong/screens/GameScreen done


Dynamic libraries:
0x00007ff654850000 - 0x00007ff65485f000 	C:\Program Files\Java\jdk-13.0.1\bin\java.exe
0x00007ffa2ecd0000 - 0x00007ffa2eec6000 	C:\WINDOWS\SYSTEM32\ntdll.dll
0x00007ffa2e9e0000 - 0x00007ffa2ea9d000 	C:\WINDOWS\System32\KERNEL32.DLL
0x00007ffa2c880000 - 0x00007ffa2cb49000 	C:\WINDOWS\System32\KERNELBASE.dll
0x00007ffa2c4b0000 - 0x00007ffa2c5b0000 	C:\WINDOWS\System32\ucrtbase.dll
0x00007ffa158f0000 - 0x00007ffa15905000 	C:\Program Files\Java\jdk-13.0.1\bin\VCRUNTIME140.dll
0x00007ffa174d0000 - 0x00007ffa174e8000 	C:\Program Files\Java\jdk-13.0.1\bin\jli.dll
0x00007ffa2eaa0000 - 0x00007ffa2eb4c000 	C:\WINDOWS\System32\ADVAPI32.dll
0x00007ffa2db80000 - 0x00007ffa2dc1e000 	C:\WINDOWS\System32\msvcrt.dll
0x00007ffa2d0f0000 - 0x00007ffa2d18c000 	C:\WINDOWS\System32\sechost.dll
0x00007ffa2e370000 - 0x00007ffa2e49b000 	C:\WINDOWS\System32\RPCRT4.dll
0x00007ffa2d730000 - 0x00007ffa2d8d0000 	C:\WINDOWS\System32\USER32.dll
0x00007ffa2c610000 - 0x00007ffa2c632000 	C:\WINDOWS\System32\win32u.dll
0x00007ffa2d520000 - 0x00007ffa2d54a000 	C:\WINDOWS\System32\GDI32.dll
0x00007ffa2c770000 - 0x00007ffa2c879000 	C:\WINDOWS\System32\gdi32full.dll
0x00007ffa2c410000 - 0x00007ffa2c4ad000 	C:\WINDOWS\System32\msvcp_win.dll
0x00007ffa1aa30000 - 0x00007ffa1accb000 	C:\WINDOWS\WinSxS\amd64_microsoft.windows.common-controls_6595b64144ccf1df_6.0.19041.488_none_ca04af081b815d21\COMCTL32.dll
0x00007ffa21380000 - 0x00007ffa2138a000 	C:\WINDOWS\SYSTEM32\VERSION.dll
0x00007ffa2d090000 - 0x00007ffa2d0c0000 	C:\WINDOWS\System32\IMM32.DLL
0x00007ffa063c0000 - 0x00007ffa0645b000 	C:\Program Files\Java\jdk-13.0.1\bin\msvcp140.dll
0x00007ff9f4a90000 - 0x00007ff9f55f6000 	C:\Program Files\Java\jdk-13.0.1\bin\server\jvm.dll
0x00007ffa2d0e0000 - 0x00007ffa2d0e8000 	C:\WINDOWS\System32\PSAPI.DLL
0x00007ffa266d0000 - 0x00007ffa266d9000 	C:\WINDOWS\SYSTEM32\WSOCK32.dll
0x00007ffa2da50000 - 0x00007ffa2dabb000 	C:\WINDOWS\System32\WS2_32.dll
0x00007ffa28240000 - 0x00007ffa28267000 	C:\WINDOWS\SYSTEM32\WINMM.dll
0x00007ffa2a340000 - 0x00007ffa2a352000 	C:\WINDOWS\SYSTEM32\kernel.appcore.dll
0x00007ffa19510000 - 0x00007ffa19520000 	C:\Program Files\Java\jdk-13.0.1\bin\verify.dll
0x00007ffa1b580000 - 0x00007ffa1b764000 	C:\WINDOWS\SYSTEM32\DBGHELP.DLL
0x00007ffa1b550000 - 0x00007ffa1b57c000 	C:\WINDOWS\SYSTEM32\dbgcore.DLL
0x00007ffa2c640000 - 0x00007ffa2c6c0000 	C:\WINDOWS\System32\bcryptPrimitives.dll
0x00007ffa0fae0000 - 0x00007ffa0fb06000 	C:\Program Files\Java\jdk-13.0.1\bin\java.dll
0x00007ffa157a0000 - 0x00007ffa157b7000 	C:\Program Files\Java\jdk-13.0.1\bin\zip.dll
0x00007ffa18180000 - 0x00007ffa1818a000 	C:\Program Files\Java\jdk-13.0.1\bin\jimage.dll
0x00007ffa2dc20000 - 0x00007ffa2e362000 	C:\WINDOWS\System32\SHELL32.dll
0x00007ffa2a540000 - 0x00007ffa2acd5000 	C:\WINDOWS\SYSTEM32\windows.storage.dll
0x00007ffa2cd30000 - 0x00007ffa2d086000 	C:\WINDOWS\System32\combase.dll
0x00007ffa2be80000 - 0x00007ffa2beac000 	C:\WINDOWS\SYSTEM32\Wldp.dll
0x00007ffa2d550000 - 0x00007ffa2d5fe000 	C:\WINDOWS\System32\SHCORE.dll
0x00007ffa2db20000 - 0x00007ffa2db75000 	C:\WINDOWS\System32\shlwapi.dll
0x00007ffa2c340000 - 0x00007ffa2c366000 	C:\WINDOWS\SYSTEM32\profapi.dll
0x00007ffa11f90000 - 0x00007ffa11fa9000 	C:\Program Files\Java\jdk-13.0.1\bin\net.dll
0x00007ffa1f3a0000 - 0x00007ffa1f4a0000 	C:\WINDOWS\SYSTEM32\WINHTTP.dll
0x00007ffa2bc00000 - 0x00007ffa2bc6a000 	C:\WINDOWS\system32\mswsock.dll
0x00007ffa101b0000 - 0x00007ffa101c3000 	C:\Program Files\Java\jdk-13.0.1\bin\nio.dll
0x0000000065ac0000 - 0x0000000065aea000 	C:\Users\jorda\AppData\Local\Temp\libgdxjorda\d6a9e29c\gdx64.dll
0x00007ffa2bde0000 - 0x00007ffa2bdf8000 	C:\WINDOWS\SYSTEM32\CRYPTSP.dll
0x00007ffa2b520000 - 0x00007ffa2b554000 	C:\WINDOWS\system32\rsaenh.dll
0x00007ffa2cb50000 - 0x00007ffa2cb77000 	C:\WINDOWS\System32\bcrypt.dll
0x00007ffa2c300000 - 0x00007ffa2c32e000 	C:\WINDOWS\SYSTEM32\USERENV.dll
0x00007ffa2bdd0000 - 0x00007ffa2bddc000 	C:\WINDOWS\SYSTEM32\CRYPTBASE.dll
0x00007ffa2b8a0000 - 0x00007ffa2b8db000 	C:\WINDOWS\SYSTEM32\IPHLPAPI.DLL
0x00007ffa2e4a0000 - 0x00007ffa2e4a8000 	C:\WINDOWS\System32\NSI.dll
0x00007ffa213d0000 - 0x00007ffa213e7000 	C:\WINDOWS\SYSTEM32\dhcpcsvc6.DLL
0x00007ffa21390000 - 0x00007ffa213ad000 	C:\WINDOWS\SYSTEM32\dhcpcsvc.DLL
0x00007ffa2b8e0000 - 0x00007ffa2b9ab000 	C:\WINDOWS\SYSTEM32\DNSAPI.dll
0x0000000180000000 - 0x0000000180053000 	C:\Users\jorda\AppData\Local\Temp\libgdxjorda\1cecf4f6\lwjgl64.dll
0x00007ffa15260000 - 0x00007ffa15385000 	C:\WINDOWS\SYSTEM32\OPENGL32.dll
0x00007ffa1f0f0000 - 0x00007ffa1f11c000 	C:\WINDOWS\SYSTEM32\GLU32.dll
0x0000021f50470000 - 0x0000021f504d4000 	C:\Users\jorda\AppData\Local\Temp\libgdxjorda\1cecf4f6\OpenAL64.dll
0x00007ffa2d600000 - 0x00007ffa2d72a000 	C:\WINDOWS\System32\ole32.dll
0x00007ffa29de0000 - 0x00007ffa29e7e000 	C:\WINDOWS\system32\uxtheme.dll
0x00007ffa2e930000 - 0x00007ffa2e9d9000 	C:\WINDOWS\System32\clbcatq.dll
0x00007ffa070a0000 - 0x00007ffa0713c000 	C:\WINDOWS\SYSTEM32\dsound.dll
0x00007ffa2ba20000 - 0x00007ffa2ba6b000 	C:\WINDOWS\SYSTEM32\powrprof.dll
0x00007ffa1cad0000 - 0x00007ffa1caf6000 	C:\WINDOWS\SYSTEM32\winmmbase.dll
0x00007ffa2b880000 - 0x00007ffa2b892000 	C:\WINDOWS\SYSTEM32\UMPDC.dll
0x00007ffa200b0000 - 0x00007ffa20135000 	C:\WINDOWS\System32\MMDevApi.dll
0x00007ffa2c1c0000 - 0x00007ffa2c1ec000 	C:\WINDOWS\System32\DEVOBJ.dll
0x00007ffa2cce0000 - 0x00007ffa2cd2e000 	C:\WINDOWS\System32\cfgmgr32.dll
0x00007ffa1fbe0000 - 0x00007ffa1fd64000 	C:\WINDOWS\SYSTEM32\AUDIOSES.DLL
0x00007ffa2d3c0000 - 0x00007ffa2d48d000 	C:\WINDOWS\System32\OLEAUT32.dll
0x00007ffa29f60000 - 0x00007ffa29f74000 	C:\WINDOWS\SYSTEM32\resourcepolicyclient.dll
0x00007ffa27330000 - 0x00007ffa273de000 	C:\WINDOWS\SYSTEM32\mscms.dll
0x00007ffa27310000 - 0x00007ffa27321000 	C:\WINDOWS\SYSTEM32\ColorAdapterClient.dll
0x00007ffa26ec0000 - 0x00007ffa26f03000 	C:\Windows\System32\Windows.Internal.Graphics.Display.DisplayColorManagement.dll
0x00007ffa2d8d0000 - 0x00007ffa2d9e6000 	C:\WINDOWS\System32\MSCTF.dll
0x00007ffa21ad0000 - 0x00007ffa21bcb000 	C:\Windows\System32\AppXDeploymentClient.dll
0x00007ff9f0540000 - 0x00007ff9f13eb000 	C:\WINDOWS\System32\DriverStore\FileRepository\igdlh64.inf_amd64_c6768e05a0d77985\ig9icd64.dll
0x00007ffa2a130000 - 0x00007ffa2a15f000 	C:\WINDOWS\SYSTEM32\dwmapi.dll
0x00007ffa2ad40000 - 0x00007ffa2ae33000 	C:\WINDOWS\system32\dxgi.dll
0x00007ffa25f70000 - 0x00007ffa25fab000 	C:\WINDOWS\SYSTEM32\dxcore.dll
0x00007ffa1b450000 - 0x00007ffa1b54d000 	C:\WINDOWS\SYSTEM32\textinputframework.dll
0x00007ffa29820000 - 0x00007ffa29b7e000 	C:\WINDOWS\System32\CoreUIComponents.dll
0x00007ffa29b80000 - 0x00007ffa29c72000 	C:\WINDOWS\System32\CoreMessaging.dll
0x00007ffa2b130000 - 0x00007ffa2b163000 	C:\WINDOWS\SYSTEM32\ntmarta.dll
0x00007ffa284c0000 - 0x00007ffa28616000 	C:\WINDOWS\SYSTEM32\wintypes.dll
0x00007ffa0fa90000 - 0x00007ffa0fad3000 	C:\WINDOWS\SYSTEM32\icm32.dll
0x00007ffa003d0000 - 0x00007ffa004b3000 	C:\WINDOWS\System32\DriverStore\FileRepository\igdlh64.inf_amd64_c6768e05a0d77985\igdgmm64.dll
0x00007ffa21fa0000 - 0x00007ffa23f1c000 	C:\WINDOWS\System32\DriverStore\FileRepository\igdlh64.inf_amd64_c6768e05a0d77985\igc64.dll

dbghelp: loaded successfully - version: 4.0.5 - missing functions: none
symbol engine: initialized successfully - sym options: 0x614 - pdb path: .;C:\Program Files\Java\jdk-13.0.1\bin;C:\WINDOWS\SYSTEM32;C:\WINDOWS\WinSxS\amd64_microsoft.windows.common-controls_6595b64144ccf1df_6.0.19041.488_none_ca04af081b815d21;C:\Program Files\Java\jdk-13.0.1\bin\server;C:\Users\jorda\AppData\Local\Temp\libgdxjorda\d6a9e29c;C:\Users\jorda\AppData\Local\Temp\libgdxjorda\1cecf4f6;C:\WINDOWS\System32\DriverStore\FileRepository\igdlh64.inf_amd64_c6768e05a0d77985

VM Arguments:
jvm_args: -Dfile.encoding=windows-1252 -Duser.country=BR -Duser.language=pt -Duser.variant 
java_command: com.donkeykong.desktop.DesktopLauncher
java_class_path (initial): C:\Users\jorda\Desktop\Java\DonkeyKong\desktop\build\classes\java\main;C:\Users\jorda\Desktop\Java\DonkeyKong\desktop\build\resources\main;C:\Users\jorda\.gradle\caches\modules-2\files-2.1\com.badlogicgames.gdx\gdx-tools\1.9.13\71eb6e478889992c2dba12e7acb6dda844f87f6\gdx-tools-1.9.13.jar;C:\Users\jorda\.gradle\caches\modules-2\files-2.1\com.badlogicgames.gdx\gdx-backend-lwjgl\1.9.13\ed6e70cf224ad7d8cfa8e1b3f0e97760a8125e90\gdx-backend-lwjgl-1.9.13.jar;C:\Users\jorda\.gradle\caches\modules-2\files-2.1\com.badlogicgames.gdx\gdx-platform\1.9.13\36e453b8ebdf004e7ebbc8b0b23549316371c82\gdx-platform-1.9.13-natives-desktop.jar;C:\Users\jorda\.gradle\caches\modules-2\files-2.1\com.badlogicgames.gdx\gdx-box2d-platform\1.9.13\ce1d100ee60a6c5f1f14a15be8f44e5de478bc7b\gdx-box2d-platform-1.9.13-natives-desktop.jar;C:\Users\jorda\.gradle\caches\modules-2\files-2.1\com.badlogicgames.gdx\gdx-controllers-desktop\1.9.13\3a3fa226f0797bccc61361eb4998978c6169a2af\gdx-controllers-desktop-1.9.13.jar;C:\Users\jorda\.gradle\caches\modules-2\files-2.1\com.badlogicgames.gdx\gdx-controllers-platform\1.9.13\57bf9fb520b1c4affbeb5878ba5721b488db15c4\gdx-controllers-platform-1.9.13-natives-desktop.jar;C:\Users\jorda\.gradle\caches\modules-2\files-2.1\com.badlogicgames.gdx\gdx-bullet-platform\1.9.13\8224cd1fc6bafc05f40923e96b14ba62ac45a0f9\gdx-bullet-platform-1.9.13-natives-desktop.jar;C:\Users\jorda\.gradle\caches\modules-2\files-2.1\com.badlogicgames.gdx\gdx-freetype-platform\1.9.13\e1cfe737ec36301a03d11386911def6d7000a6e5\gdx-freetype-platform-1.9.13-natives-desktop.jar;C:\Users\jorda\Desktop\Java\DonkeyKong\core\build\libs\core-1.0.jar;C:\Users\jorda\.gradle\caches\modules-2\files-2.1\com.badlogicgames.gdx\gdx-controllers\1.9.13\2484c4fb16b0289175f2a632c4b4e8e9c5520bcf\gdx-controllers-1.9.13.jar;C:\Users\jorda\.gradle\caches\modules-2\files-2.1\com.badlogicgames.gdx\gdx-backend-headless\1.9.13\a9dbd6c0acfaf8f3f8ab291659a054160974b963\gdx-backend-headless-1.9.13.jar;
Launcher Type: SUN_STANDARD

[Global flags]
     intx CICompilerCount                          = 3                                         {product} {ergonomic}
     uint ConcGCThreads                            = 1                                         {product} {ergonomic}
     uint G1ConcRefinementThreads                  = 4                                         {product} {ergonomic}
   size_t G1HeapRegionSize                         = 1048576                                   {product} {ergonomic}
    uintx GCDrainStackTargetSize                   = 64                                        {product} {ergonomic}
   size_t InitialHeapSize                          = 134217728                                 {product} {ergonomic}
   size_t MarkStackSize                            = 4194304                                   {product} {ergonomic}
   size_t MaxHeapSize                              = 2124414976                                {product} {ergonomic}
   size_t MaxNewSize                               = 1274019840                                {product} {ergonomic}
   size_t MinHeapDeltaBytes                        = 1048576                                   {product} {ergonomic}
   size_t MinHeapSize                              = 8388608                                   {product} {ergonomic}
    uintx NonNMethodCodeHeapSize                   = 5830732                                {pd product} {ergonomic}
    uintx NonProfiledCodeHeapSize                  = 122913754                              {pd product} {ergonomic}
    uintx ProfiledCodeHeapSize                     = 122913754                              {pd product} {ergonomic}
    uintx ReservedCodeCacheSize                    = 251658240                              {pd product} {ergonomic}
     bool SegmentedCodeCache                       = true                                      {product} {ergonomic}
   size_t SoftMaxHeapSize                          = 2124414976                             {manageable} {ergonomic}
     bool UseCompressedClassPointers               = true                                 {lp64_product} {ergonomic}
     bool UseCompressedOops                        = true                                 {lp64_product} {ergonomic}
     bool UseG1GC                                  = true                                      {product} {ergonomic}
     bool UseLargePagesIndividualAllocation        = false                                  {pd product} {ergonomic}

Logging:
Log output configuration:
 #0: stdout all=warning uptime,level,tags
 #1: stderr all=off uptime,level,tags

Environment Variables:
PATH=C:\Program Files (x86)\Intel\iCLS Client\;C:\Program Files (x86)\Common Files\Oracle\Java\javapath;C:\Program Files\Intel\iCLS Client\;C:\WINDOWS\system32;C:\WINDOWS;C:\WINDOWS\System32\Wbem;C:\WINDOWS\System32\WindowsPowerShell\v1.0\;C:\WINDOWS\System32\OpenSSH\;C:\wamp64\bin\php\php5.6.40;C:\composer;C:\MinGW\bin;C:\Program Files\nodejs\;C:\Program Files\Git\cmd;C:\Program Files\Microsoft VS Code\bin;C:\Program Files (x86)\Intel\Intel(R) Management Engine Components\DAL;C:\Program Files\Intel\Intel(R) Management Engine Components\DAL;C:\ProgramData\chocolatey\bin;C:\Program Files\PuTTY\;C:\Users\jorda\AppData\Local\Programs\Python\Python38-32\Scripts\;C:\Users\jorda\AppData\Local\Programs\Python\Python38-32\;C:\Users\jorda\AppData\Local\Microsoft\WindowsApps;C:\Users\jorda\AppData\Roaming\Composer\vendor\bin;C:\Users\jorda\AppData\Roaming\npm;C:\Gradle\gradle-6.0.1\bin;C:\tools\dart-sdk\bin;C:\Users\jorda\AppData\Roaming\Pub\Cache\bin;C:\src\flutter\bin;C:\src\adb;C:\src\flutter\bin\cache\dart-sdk\bin;C:\Program Files (x86)\GitHub CLI\
USERNAME=jorda
OS=Windows_NT
PROCESSOR_IDENTIFIER=Intel64 Family 6 Model 142 Stepping 9, GenuineIntel



---------------  S Y S T E M  ---------------

OS: Windows 10 , 64 bit Build 19041 (10.0.19041.662)

CPU:total 4 (initial active 4) (2 cores per cpu, 2 threads per core) family 6 model 142 stepping 9, cmov, cx8, fxsr, mmx, sse, sse2, sse3, ssse3, sse4.1, sse4.2, popcnt, avx, avx2, aes, clmul, erms, 3dnowpref, lzcnt, ht, tsc, tscinvbit, bmi1, bmi2, adx, fma

Memory: 4k page, system-wide physical 8102M (2294M free)
TotalPageFile size 9126M (AvailPageFile size 1836M)
current process WorkingSet (physical memory assigned to process): 94M, peak: 94M
current process commit charge ("private bytes"): 230M, peak: 231M

vm_info: Java HotSpot(TM) 64-Bit Server VM (13.0.1+9) for windows-amd64 JRE (13.0.1+9), built on Oct  6 2019 12:37:49 by "mach5one" with unknown MS VC++:1916

END.
